This file contains any messages produced by compilers while
running configure, to aid debugging if configure makes a mistake.

It was created by cefore configure 0.8.2.2, which was
generated by GNU Autoconf 2.69.  Invocation command line was

  $ ./configure --enable-csmgr

## --------- ##
## Platform. ##
## --------- ##

hostname = nuc1-NUC11PAHi7
uname -m = x86_64
uname -r = 5.8.0-43-generic
uname -s = Linux
uname -v = #49~20.04.1-Ubuntu SMP Fri Feb 5 09:57:56 UTC 2021

/usr/bin/uname -p = x86_64
/bin/uname -X     = unknown

/bin/arch              = x86_64
/usr/bin/arch -k       = unknown
/usr/convex/getsysinfo = unknown
/usr/bin/hostinfo      = unknown
/bin/machine           = unknown
/usr/bin/oslevel       = unknown
/bin/universe          = unknown

PATH: /usr/local/sbin
PATH: /usr/local/bin
PATH: /usr/sbin
PATH: /usr/bin
PATH: /sbin
PATH: /bin
PATH: /snap/bin


## ----------- ##
## Core tests. ##
## ----------- ##

configure:2334: checking whether make supports nested variables
configure:2351: result: yes
configure:2378: checking for a BSD-compatible install
configure:2446: result: /usr/bin/install -c
configure:2457: checking whether build environment is sane
configure:2512: result: yes
configure:2661: checking for a thread-safe mkdir -p
configure:2700: result: /usr/bin/mkdir -p
configure:2707: checking for gawk
configure:2737: result: no
configure:2707: checking for mawk
configure:2723: found /usr/bin/mawk
configure:2734: result: mawk
configure:2745: checking whether make sets $(MAKE)
configure:2767: result: yes
configure:2953: checking for gcc
configure:2969: found /usr/bin/gcc
configure:2980: result: gcc
configure:3209: checking for C compiler version
configure:3218: gcc --version >&5
gcc (Ubuntu 9.3.0-17ubuntu1~20.04) 9.3.0
Copyright (C) 2019 Free Software Foundation, Inc.
This is free software; see the source for copying conditions.  There is NO
warranty; not even for MERCHANTABILITY or FITNESS FOR A PARTICULAR PURPOSE.

configure:3229: $? = 0
configure:3218: gcc -v >&5
Using built-in specs.
COLLECT_GCC=gcc
COLLECT_LTO_WRAPPER=/usr/lib/gcc/x86_64-linux-gnu/9/lto-wrapper
OFFLOAD_TARGET_NAMES=nvptx-none:hsa
OFFLOAD_TARGET_DEFAULT=1
Target: x86_64-linux-gnu
Configured with: ../src/configure -v --with-pkgversion='Ubuntu 9.3.0-17ubuntu1~20.04' --with-bugurl=file:///usr/share/doc/gcc-9/README.Bugs --enable-languages=c,ada,c++,go,brig,d,fortran,objc,obj-c++,gm2 --prefix=/usr --with-gcc-major-version-only --program-suffix=-9 --program-prefix=x86_64-linux-gnu- --enable-shared --enable-linker-build-id --libexecdir=/usr/lib --without-included-gettext --enable-threads=posix --libdir=/usr/lib --enable-nls --enable-clocale=gnu --enable-libstdcxx-debug --enable-libstdcxx-time=yes --with-default-libstdcxx-abi=new --enable-gnu-unique-object --disable-vtable-verify --enable-plugin --enable-default-pie --with-system-zlib --with-target-system-zlib=auto --enable-objc-gc=auto --enable-multiarch --disable-werror --with-arch-32=i686 --with-abi=m64 --with-multilib-list=m32,m64,mx32 --enable-multilib --with-tune=generic --enable-offload-targets=nvptx-none=/build/gcc-9-HskZEa/gcc-9-9.3.0/debian/tmp-nvptx/usr,hsa --without-cuda-driver --enable-checking=release --build=x86_64-linux-gnu --host=x86_64-linux-gnu --target=x86_64-linux-gnu
Thread model: posix
gcc version 9.3.0 (Ubuntu 9.3.0-17ubuntu1~20.04) 
configure:3229: $? = 0
configure:3218: gcc -V >&5
gcc: error: unrecognized command line option '-V'
gcc: fatal error: no input files
compilation terminated.
configure:3229: $? = 1
configure:3218: gcc -qversion >&5
gcc: error: unrecognized command line option '-qversion'; did you mean '--version'?
gcc: fatal error: no input files
compilation terminated.
configure:3229: $? = 1
configure:3249: checking whether the C compiler works
configure:3271: gcc    conftest.c  >&5
configure:3275: $? = 0
configure:3323: result: yes
configure:3326: checking for C compiler default output file name
configure:3328: result: a.out
configure:3334: checking for suffix of executables
configure:3341: gcc -o conftest    conftest.c  >&5
configure:3345: $? = 0
configure:3367: result: 
configure:3389: checking whether we are cross compiling
configure:3397: gcc -o conftest    conftest.c  >&5
configure:3401: $? = 0
configure:3408: ./conftest
configure:3412: $? = 0
configure:3400: result: no
configure:3405: checking for suffix of object files
configure:3427: gcc -c   conftest.c >&5
configure:3431: $? = 0
configure:3452: result: o
configure:3456: checking whether we are using the GNU C compiler
configure:3475: gcc -c   conftest.c >&5
configure:3475: $? = 0
configure:3484: result: yes
configure:3493: checking whether gcc accepts -g
configure:3513: gcc -c -g  conftest.c >&5
configure:3513: $? = 0
configure:3554: result: yes
configure:3571: checking for gcc option to accept ISO C89
configure:3634: gcc  -c   conftest.c >&5
configure:3634: $? = 0
configure:3647: result: none needed
configure:3672: checking whether gcc understands -c and -o together
configure:3694: gcc -c conftest.c -o conftest2.o
configure:3697: $? = 0
configure:3694: gcc -c conftest.c -o conftest2.o
configure:3697: $? = 0
configure:3709: result: yes
configure:3729: checking whether make supports the include directive
configure:3744: make -f confmf.GNU && cat confinc.out
this is the am__doit target
configure:3747: $? = 0
configure:3766: result: yes (GNU style)
configure:3791: checking dependency style of gcc
configure:3902: result: gcc3
configure:3947: checking build system type
configure:3961: result: x86_64-unknown-linux-gnu
configure:3981: checking host system type
configure:3994: result: x86_64-unknown-linux-gnu
configure:4035: checking how to print strings
configure:4062: result: printf
configure:4083: checking for a sed that does not truncate output
configure:4147: result: /usr/bin/sed
configure:4165: checking for grep that handles long lines and -e
configure:4223: result: /usr/bin/grep
configure:4228: checking for egrep
configure:4290: result: /usr/bin/grep -E
configure:4295: checking for fgrep
configure:4357: result: /usr/bin/grep -F
configure:4392: checking for ld used by gcc
configure:4459: result: /usr/bin/ld
configure:4466: checking if the linker (/usr/bin/ld) is GNU ld
configure:4481: result: yes
configure:4493: checking for BSD- or MS-compatible name lister (nm)
configure:4542: result: /usr/bin/nm -B
configure:4672: checking the name lister (/usr/bin/nm -B) interface
configure:4679: gcc -c   conftest.c >&5
configure:4682: /usr/bin/nm -B "conftest.o"
configure:4685: output
0000000000000000 B some_variable
configure:4686: result: BSD nm
configure:4689: checking whether ln -s works
configure:4693: result: yes
configure:4701: checking the maximum length of command line arguments
configure:4832: result: 1572864
configure:4849: checking whether the shell understands some XSI constructs
configure:4858: result: yes
configure:4862: checking whether the shell understands "+="
configure:4866: result: yes
configure:4901: checking how to convert x86_64-unknown-linux-gnu file names to x86_64-unknown-linux-gnu format
configure:4941: result: func_convert_file_noop
configure:4948: checking how to convert x86_64-unknown-linux-gnu file names to toolchain format
configure:4968: result: func_convert_file_noop
configure:4975: checking for /usr/bin/ld option to reload object files
configure:4982: result: -r
configure:5056: checking for objdump
configure:5072: found /usr/bin/objdump
configure:5083: result: objdump
configure:5115: checking how to recognize dependent libraries
configure:5313: result: pass_all
configure:5398: checking for dlltool
configure:5428: result: no
configure:5458: checking how to associate runtime and link libraries
configure:5485: result: printf %s\n
configure:5546: checking for ar
configure:5562: found /usr/bin/ar
configure:5573: result: ar
configure:5610: checking for archiver @FILE support
configure:5627: gcc -c   conftest.c >&5
configure:5627: $? = 0
configure:5630: ar cru libconftest.a @conftest.lst >&5
ar: `u' modifier ignored since `D' is the default (see `U')
configure:5633: $? = 0
configure:5638: ar cru libconftest.a @conftest.lst >&5
ar: `u' modifier ignored since `D' is the default (see `U')
ar: conftest.o: No such file or directory
configure:5641: $? = 1
configure:5640: result: @
configure:5698: checking for strip
configure:5714: found /usr/bin/strip
configure:5725: result: strip
configure:5797: checking for ranlib
configure:5813: found /usr/bin/ranlib
configure:5824: result: ranlib
configure:5926: checking command to parse /usr/bin/nm -B output from gcc object
configure:6046: gcc -c   conftest.c >&5
configure:6049: $? = 0
configure:6053: /usr/bin/nm -B conftest.o \| sed -n -e 's/^.*[ ]\([ABCDGIRSTW][ABCDGIRSTW]*\)[ ][ ]*\([_A-Za-z][_A-Za-z0-9]*\)$/\1 \2 \2/p' | sed '/ __gnu_lto/d' \> conftest.nm
configure:6056: $? = 0
configure:6122: gcc -o conftest    conftest.c conftstm.o >&5
configure:6125: $? = 0
configure:6163: result: ok
configure:6200: checking for sysroot
configure:6230: result: no
configure:6307: gcc -c   conftest.c >&5
configure:6310: $? = 0
configure:6499: checking for mt
configure:6515: found /usr/bin/mt
configure:6526: result: mt
configure:6549: checking if mt is a manifest tool
configure:6555: mt '-?'
configure:6563: result: no
configure:7205: checking how to run the C preprocessor
configure:7236: gcc -E  conftest.c
configure:7236: $? = 0
configure:7250: gcc -E  conftest.c
conftest.c:11:10: fatal error: ac_nonexistent.h: No such file or directory
   11 | #include <ac_nonexistent.h>
      |          ^~~~~~~~~~~~~~~~~~
compilation terminated.
configure:7250: $? = 1
configure: failed program was:
| /* confdefs.h */
| #define PACKAGE_NAME "cefore"
| #define PACKAGE_TARNAME "cefore"
| #define PACKAGE_VERSION "0.8.2.2"
| #define PACKAGE_STRING "cefore 0.8.2.2"
| #define PACKAGE_BUGREPORT ""
| #define PACKAGE_URL ""
| #define PACKAGE "cefore"
| #define VERSION "0.8.2.2"
| /* end confdefs.h.  */
| #include <ac_nonexistent.h>
configure:7275: result: gcc -E
configure:7295: gcc -E  conftest.c
configure:7295: $? = 0
configure:7309: gcc -E  conftest.c
conftest.c:11:10: fatal error: ac_nonexistent.h: No such file or directory
   11 | #include <ac_nonexistent.h>
      |          ^~~~~~~~~~~~~~~~~~
compilation terminated.
configure:7309: $? = 1
configure: failed program was:
| /* confdefs.h */
| #define PACKAGE_NAME "cefore"
| #define PACKAGE_TARNAME "cefore"
| #define PACKAGE_VERSION "0.8.2.2"
| #define PACKAGE_STRING "cefore 0.8.2.2"
| #define PACKAGE_BUGREPORT ""
| #define PACKAGE_URL ""
| #define PACKAGE "cefore"
| #define VERSION "0.8.2.2"
| /* end confdefs.h.  */
| #include <ac_nonexistent.h>
configure:7338: checking for ANSI C header files
configure:7358: gcc -c   conftest.c >&5
configure:7358: $? = 0
configure:7431: gcc -o conftest    conftest.c  >&5
configure:7431: $? = 0
configure:7431: ./conftest
configure:7431: $? = 0
configure:7442: result: yes
configure:7455: checking for sys/types.h
configure:7455: gcc -c   conftest.c >&5
configure:7455: $? = 0
configure:7455: result: yes
configure:7455: checking for sys/stat.h
configure:7455: gcc -c   conftest.c >&5
configure:7455: $? = 0
configure:7455: result: yes
configure:7455: checking for stdlib.h
configure:7455: gcc -c   conftest.c >&5
configure:7455: $? = 0
configure:7455: result: yes
configure:7455: checking for string.h
configure:7455: gcc -c   conftest.c >&5
configure:7455: $? = 0
configure:7455: result: yes
configure:7455: checking for memory.h
configure:7455: gcc -c   conftest.c >&5
configure:7455: $? = 0
configure:7455: result: yes
configure:7455: checking for strings.h
configure:7455: gcc -c   conftest.c >&5
configure:7455: $? = 0
configure:7455: result: yes
configure:7455: checking for inttypes.h
configure:7455: gcc -c   conftest.c >&5
configure:7455: $? = 0
configure:7455: result: yes
configure:7455: checking for stdint.h
configure:7455: gcc -c   conftest.c >&5
configure:7455: $? = 0
configure:7455: result: yes
configure:7455: checking for unistd.h
configure:7455: gcc -c   conftest.c >&5
configure:7455: $? = 0
configure:7455: result: yes
configure:7469: checking for dlfcn.h
configure:7469: gcc -c   conftest.c >&5
configure:7469: $? = 0
configure:7469: result: yes
configure:7674: checking for objdir
configure:7689: result: .libs
configure:7960: checking if gcc supports -fno-rtti -fno-exceptions
configure:7978: gcc -c   -fno-rtti -fno-exceptions conftest.c >&5
cc1: warning: command line option '-fno-rtti' is valid for C++/D/ObjC++ but not for C
configure:7982: $? = 0
configure:7995: result: no
configure:8322: checking for gcc option to produce PIC
configure:8329: result: -fPIC -DPIC
configure:8337: checking if gcc PIC flag -fPIC -DPIC works
configure:8355: gcc -c   -fPIC -DPIC -DPIC conftest.c >&5
configure:8359: $? = 0
configure:8372: result: yes
configure:8401: checking if gcc static flag -static works
configure:8429: result: yes
configure:8444: checking if gcc supports -c -o file.o
configure:8465: gcc -c   -o out/conftest2.o conftest.c >&5
configure:8469: $? = 0
configure:8491: result: yes
configure:8499: checking if gcc supports -c -o file.o
configure:8546: result: yes
configure:8579: checking whether the gcc linker (/usr/bin/ld -m elf_x86_64) supports shared libraries
configure:9736: result: yes
configure:9773: checking whether -lc should be explicitly linked in
configure:9781: gcc -c   conftest.c >&5
configure:9784: $? = 0
configure:9799: gcc -shared  -fPIC -DPIC conftest.o  -v -Wl,-soname -Wl,conftest -o conftest 2\>\&1 \| /usr/bin/grep  -lc  \>/dev/null 2\>\&1
configure:9802: $? = 0
configure:9816: result: no
configure:9976: checking dynamic linker characteristics
configure:10476: gcc -o conftest    -Wl,-rpath -Wl,/foo conftest.c  >&5
configure:10476: $? = 0
configure:10710: result: GNU/Linux ld.so
configure:10817: checking how to hardcode library paths into programs
configure:10842: result: immediate
configure:10936: checking for shl_load
configure:10936: gcc -o conftest    conftest.c  >&5
/usr/bin/ld: /tmp/ccNDGs0j.o: in function `main':
conftest.c:(.text+0xe): undefined reference to `shl_load'
collect2: error: ld returned 1 exit status
configure:10936: $? = 1
configure: failed program was:
| /* confdefs.h */
| #define PACKAGE_NAME "cefore"
| #define PACKAGE_TARNAME "cefore"
| #define PACKAGE_VERSION "0.8.2.2"
| #define PACKAGE_STRING "cefore 0.8.2.2"
| #define PACKAGE_BUGREPORT ""
| #define PACKAGE_URL ""
| #define PACKAGE "cefore"
| #define VERSION "0.8.2.2"
| #define STDC_HEADERS 1
| #define HAVE_SYS_TYPES_H 1
| #define HAVE_SYS_STAT_H 1
| #define HAVE_STDLIB_H 1
| #define HAVE_STRING_H 1
| #define HAVE_MEMORY_H 1
| #define HAVE_STRINGS_H 1
| #define HAVE_INTTYPES_H 1
| #define HAVE_STDINT_H 1
| #define HAVE_UNISTD_H 1
| #define HAVE_DLFCN_H 1
| #define LT_OBJDIR ".libs/"
| /* end confdefs.h.  */
| /* Define shl_load to an innocuous variant, in case <limits.h> declares shl_load.
|    For example, HP-UX 11i <limits.h> declares gettimeofday.  */
| #define shl_load innocuous_shl_load
| 
| /* System header to define __stub macros and hopefully few prototypes,
|     which can conflict with char shl_load (); below.
|     Prefer <limits.h> to <assert.h> if __STDC__ is defined, since
|     <limits.h> exists even on freestanding compilers.  */
| 
| #ifdef __STDC__
| # include <limits.h>
| #else
| # include <assert.h>
| #endif
| 
| #undef shl_load
| 
| /* Override any GCC internal prototype to avoid an error.
|    Use char because int might match the return type of a GCC
|    builtin and then its argument prototype would still apply.  */
| #ifdef __cplusplus
| extern "C"
| #endif
| char shl_load ();
| /* The GNU C library defines this for functions which it implements
|     to always fail with ENOSYS.  Some functions are actually named
|     something starting with __ and the normal name is an alias.  */
| #if defined __stub_shl_load || defined __stub___shl_load
| choke me
| #endif
| 
| int
| main ()
| {
| return shl_load ();
|   ;
|   return 0;
| }
configure:10936: result: no
configure:10940: checking for shl_load in -ldld
configure:10965: gcc -o conftest    conftest.c -ldld   >&5
/usr/bin/ld: cannot find -ldld
collect2: error: ld returned 1 exit status
configure:10965: $? = 1
configure: failed program was:
| /* confdefs.h */
| #define PACKAGE_NAME "cefore"
| #define PACKAGE_TARNAME "cefore"
| #define PACKAGE_VERSION "0.8.2.2"
| #define PACKAGE_STRING "cefore 0.8.2.2"
| #define PACKAGE_BUGREPORT ""
| #define PACKAGE_URL ""
| #define PACKAGE "cefore"
| #define VERSION "0.8.2.2"
| #define STDC_HEADERS 1
| #define HAVE_SYS_TYPES_H 1
| #define HAVE_SYS_STAT_H 1
| #define HAVE_STDLIB_H 1
| #define HAVE_STRING_H 1
| #define HAVE_MEMORY_H 1
| #define HAVE_STRINGS_H 1
| #define HAVE_INTTYPES_H 1
| #define HAVE_STDINT_H 1
| #define HAVE_UNISTD_H 1
| #define HAVE_DLFCN_H 1
| #define LT_OBJDIR ".libs/"
| /* end confdefs.h.  */
| 
| /* Override any GCC internal prototype to avoid an error.
|    Use char because int might match the return type of a GCC
|    builtin and then its argument prototype would still apply.  */
| #ifdef __cplusplus
| extern "C"
| #endif
| char shl_load ();
| int
| main ()
| {
| return shl_load ();
|   ;
|   return 0;
| }
configure:10974: result: no
configure:10979: checking for dlopen
configure:10979: gcc -o conftest    conftest.c  >&5
/usr/bin/ld: /tmp/cchDO2Ru.o: in function `main':
conftest.c:(.text+0xe): undefined reference to `dlopen'
collect2: error: ld returned 1 exit status
configure:10979: $? = 1
configure: failed program was:
| /* confdefs.h */
| #define PACKAGE_NAME "cefore"
| #define PACKAGE_TARNAME "cefore"
| #define PACKAGE_VERSION "0.8.2.2"
| #define PACKAGE_STRING "cefore 0.8.2.2"
| #define PACKAGE_BUGREPORT ""
| #define PACKAGE_URL ""
| #define PACKAGE "cefore"
| #define VERSION "0.8.2.2"
| #define STDC_HEADERS 1
| #define HAVE_SYS_TYPES_H 1
| #define HAVE_SYS_STAT_H 1
| #define HAVE_STDLIB_H 1
| #define HAVE_STRING_H 1
| #define HAVE_MEMORY_H 1
| #define HAVE_STRINGS_H 1
| #define HAVE_INTTYPES_H 1
| #define HAVE_STDINT_H 1
| #define HAVE_UNISTD_H 1
| #define HAVE_DLFCN_H 1
| #define LT_OBJDIR ".libs/"
| /* end confdefs.h.  */
| /* Define dlopen to an innocuous variant, in case <limits.h> declares dlopen.
|    For example, HP-UX 11i <limits.h> declares gettimeofday.  */
| #define dlopen innocuous_dlopen
| 
| /* System header to define __stub macros and hopefully few prototypes,
|     which can conflict with char dlopen (); below.
|     Prefer <limits.h> to <assert.h> if __STDC__ is defined, since
|     <limits.h> exists even on freestanding compilers.  */
| 
| #ifdef __STDC__
| # include <limits.h>
| #else
| # include <assert.h>
| #endif
| 
| #undef dlopen
| 
| /* Override any GCC internal prototype to avoid an error.
|    Use char because int might match the return type of a GCC
|    builtin and then its argument prototype would still apply.  */
| #ifdef __cplusplus
| extern "C"
| #endif
| char dlopen ();
| /* The GNU C library defines this for functions which it implements
|     to always fail with ENOSYS.  Some functions are actually named
|     something starting with __ and the normal name is an alias.  */
| #if defined __stub_dlopen || defined __stub___dlopen
| choke me
| #endif
| 
| int
| main ()
| {
| return dlopen ();
|   ;
|   return 0;
| }
configure:10979: result: no
configure:10983: checking for dlopen in -ldl
configure:11008: gcc -o conftest    conftest.c -ldl   >&5
configure:11008: $? = 0
configure:11017: result: yes
configure:11136: checking whether a program can dlopen itself
configure:11216: gcc -o conftest   -DHAVE_DLFCN_H  -Wl,--export-dynamic conftest.c -ldl  >&5
configure:11219: $? = 0
configure:11237: result: yes
configure:11242: checking whether a statically linked program can dlopen itself
configure:11322: gcc -o conftest   -DHAVE_DLFCN_H  -Wl,--export-dynamic -static conftest.c -ldl  >&5
/usr/bin/ld: /tmp/ccn0PScZ.o: in function `main':
conftest.c:(.text+0x26): warning: Using 'dlopen' in statically linked applications requires at runtime the shared libraries from the glibc version used for linking
configure:11325: $? = 0
conftest: undefined symbol: _fnord
configure:11343: result: no
configure:11382: checking whether stripping libraries is possible
configure:11387: result: yes
configure:11422: checking if libtool supports shared libraries
configure:11424: result: yes
configure:11427: checking whether to build shared libraries
configure:11448: result: yes
configure:11451: checking whether to build static libraries
configure:11455: result: yes
configure:8510: checking for pid_t
configure:8510: gcc -c   conftest.c >&5
configure:8510: $? = 0
configure:8510: gcc -c   conftest.c >&5
conftest.c: In function 'main':
conftest.c:59:20: error: expected expression before ')' token
   59 | if (sizeof ((pid_t)))
      |                    ^
configure:8510: $? = 1
configure: failed program was:
| /* confdefs.h */
| #define PACKAGE_NAME "cefore"
| #define PACKAGE_TARNAME "cefore"
| #define PACKAGE_VERSION "0.8.2.2"
| #define PACKAGE_STRING "cefore 0.8.2.2"
| #define PACKAGE_BUGREPORT ""
| #define PACKAGE_URL ""
| #define PACKAGE "cefore"
| #define VERSION "0.8.2.2"
| #define STDC_HEADERS 1
| #define HAVE_SYS_TYPES_H 1
| #define HAVE_SYS_STAT_H 1
| #define HAVE_STDLIB_H 1
| #define HAVE_STRING_H 1
| #define HAVE_MEMORY_H 1
| #define HAVE_STRINGS_H 1
| #define HAVE_INTTYPES_H 1
| #define HAVE_STDINT_H 1
| #define HAVE_UNISTD_H 1
| #define HAVE_DLFCN_H 1
| #define LT_OBJDIR ".libs/"
| /* end confdefs.h.  */
| #include <stdio.h>
| #ifdef HAVE_SYS_TYPES_H
| # include <sys/types.h>
| #endif
| #ifdef HAVE_SYS_STAT_H
| # include <sys/stat.h>
| #endif
| #ifdef STDC_HEADERS
| # include <stdlib.h>
| # include <stddef.h>
| #else
| # ifdef HAVE_STDLIB_H
| #  include <stdlib.h>
| # endif
| #endif
| #ifdef HAVE_STRING_H
| # if !defined STDC_HEADERS && defined HAVE_MEMORY_H
| #  include <memory.h>
| # endif
| # include <string.h>
| #endif
| #ifdef HAVE_STRINGS_H
| # include <strings.h>
| #endif
| #ifdef HAVE_INTTYPES_H
| # include <inttypes.h>
| #endif
| #ifdef HAVE_STDINT_H
| # include <stdint.h>
| #endif
| #ifdef HAVE_UNISTD_H
| # include <unistd.h>
| #endif
| int
| main ()
| {
| if (sizeof ((pid_t)))
| 	    return 0;
|   ;
|   return 0;
| }
configure:8510: result: yes
configure:8523: checking vfork.h usability
configure:8523: gcc -c   conftest.c >&5
conftest.c:56:10: fatal error: vfork.h: No such file or directory
   56 | #include <vfork.h>
      |          ^~~~~~~~~
compilation terminated.
configure:8523: $? = 1
configure: failed program was:
| /* confdefs.h */
| #define PACKAGE_NAME "cefore"
| #define PACKAGE_TARNAME "cefore"
| #define PACKAGE_VERSION "0.8.2.2"
| #define PACKAGE_STRING "cefore 0.8.2.2"
| #define PACKAGE_BUGREPORT ""
| #define PACKAGE_URL ""
| #define PACKAGE "cefore"
| #define VERSION "0.8.2.2"
| #define STDC_HEADERS 1
| #define HAVE_SYS_TYPES_H 1
| #define HAVE_SYS_STAT_H 1
| #define HAVE_STDLIB_H 1
| #define HAVE_STRING_H 1
| #define HAVE_MEMORY_H 1
| #define HAVE_STRINGS_H 1
| #define HAVE_INTTYPES_H 1
| #define HAVE_STDINT_H 1
| #define HAVE_UNISTD_H 1
| #define HAVE_DLFCN_H 1
| #define LT_OBJDIR ".libs/"
| /* end confdefs.h.  */
| #include <stdio.h>
| #ifdef HAVE_SYS_TYPES_H
| # include <sys/types.h>
| #endif
| #ifdef HAVE_SYS_STAT_H
| # include <sys/stat.h>
| #endif
| #ifdef STDC_HEADERS
| # include <stdlib.h>
| # include <stddef.h>
| #else
| # ifdef HAVE_STDLIB_H
| #  include <stdlib.h>
| # endif
| #endif
| #ifdef HAVE_STRING_H
| # if !defined STDC_HEADERS && defined HAVE_MEMORY_H
| #  include <memory.h>
| # endif
| # include <string.h>
| #endif
| #ifdef HAVE_STRINGS_H
| # include <strings.h>
| #endif
| #ifdef HAVE_INTTYPES_H
| # include <inttypes.h>
| #endif
| #ifdef HAVE_STDINT_H
| # include <stdint.h>
| #endif
| #ifdef HAVE_UNISTD_H
| # include <unistd.h>
| #endif
| #include <vfork.h>
configure:8523: result: no
configure:8523: checking vfork.h presence
configure:8523: gcc -E  conftest.c
conftest.c:23:10: fatal error: vfork.h: No such file or directory
   23 | #include <vfork.h>
      |          ^~~~~~~~~
compilation terminated.
configure:8523: $? = 1
configure: failed program was:
| /* confdefs.h */
| #define PACKAGE_NAME "cefore"
| #define PACKAGE_TARNAME "cefore"
| #define PACKAGE_VERSION "0.8.2.2"
| #define PACKAGE_STRING "cefore 0.8.2.2"
| #define PACKAGE_BUGREPORT ""
| #define PACKAGE_URL ""
| #define PACKAGE "cefore"
| #define VERSION "0.8.2.2"
| #define STDC_HEADERS 1
| #define HAVE_SYS_TYPES_H 1
| #define HAVE_SYS_STAT_H 1
| #define HAVE_STDLIB_H 1
| #define HAVE_STRING_H 1
| #define HAVE_MEMORY_H 1
| #define HAVE_STRINGS_H 1
| #define HAVE_INTTYPES_H 1
| #define HAVE_STDINT_H 1
| #define HAVE_UNISTD_H 1
| #define HAVE_DLFCN_H 1
| #define LT_OBJDIR ".libs/"
| /* end confdefs.h.  */
| #include <vfork.h>
configure:8523: result: no
configure:8523: checking for vfork.h
configure:8523: result: no
configure:8536: checking for fork
configure:8536: gcc -o conftest    conftest.c  >&5
conftest.c:46:6: warning: conflicting types for built-in function 'fork'; expected 'int(void)' [-Wbuiltin-declaration-mismatch]
   46 | char fork ();
      |      ^~~~
configure:8536: $? = 0
configure:8536: result: yes
configure:8536: checking for vfork
configure:8536: gcc -o conftest    conftest.c  >&5
configure:8536: $? = 0
configure:8536: result: yes
configure:8546: checking for working fork
configure:8568: gcc -o conftest    conftest.c  >&5
configure:8568: $? = 0
configure:8568: ./conftest
configure:8568: $? = 0
configure:8578: result: yes
configure:8599: checking for working vfork
configure:8709: result: yes
configure:8737: checking for stdlib.h
configure:8737: result: yes
configure:8747: checking for GNU libc compatible malloc
configure:8771: gcc -o conftest    conftest.c  >&5
configure:8771: $? = 0
configure:8771: ./conftest
configure:8771: $? = 0
configure:8781: result: yes
configure:8831: checking for /usr/include/openssl/sha.h
configure:8845: result: yes
configure:9101: checking that generated files are newer than configure
configure:9107: result: done
configure:9162: creating ./config.status

## ---------------------- ##
## Running config.status. ##
## ---------------------- ##

This file was extended by cefore config.status 0.8.2.2, which was
generated by GNU Autoconf 2.69.  Invocation command line was

  CONFIG_FILES    = 
  CONFIG_HEADERS  = 
  CONFIG_LINKS    = 
  CONFIG_COMMANDS = 
  $ ./config.status 

on nuc1-NUC11PAHi7

config.status:1128: creating Makefile
config.status:1128: creating src/Makefile
config.status:1128: creating src/cefnetd/Makefile
config.status:1128: creating src/include/Makefile
config.status:1128: creating src/include/cefore/Makefile
config.status:1128: creating src/lib/Makefile
config.status:1128: creating src/plugin/Makefile
config.status:1128: creating utils/Makefile
config.status:1128: creating config/Makefile
config.status:1128: creating tools/Makefile
config.status:1128: creating tools/cefgetstream/Makefile
config.status:1128: creating tools/cefputstream/Makefile
config.status:1128: creating tools/cefgetfile/Makefile
config.status:1128: creating tools/cefputfile/Makefile
config.status:1128: creating tools/cefgetchunk/Makefile
config.status:1128: creating tools/csmgr/Makefile
config.status:1128: creating src/csmgrd/Makefile
config.status:1128: creating src/csmgrd/csmgrd/Makefile
config.status:1128: creating src/csmgrd/plugin/Makefile
config.status:1128: creating src/csmgrd/plugin/lib/Makefile
config.status:1128: creating src/csmgrd/plugin/lib/lru/Makefile
config.status:1128: creating src/csmgrd/plugin/lib/lfu/Makefile
config.status:1128: creating src/csmgrd/plugin/lib/fifo/Makefile
config.status:1128: creating src/csmgrd/lib/Makefile
config.status:1128: creating src/csmgrd/include/Makefile
config.status:1128: creating src/csmgrd/include/csmgrd/Makefile
config.status:1128: creating tools/ccninfo/Makefile
config.status:1128: creating config.h
config.status:1357: executing depfiles commands
config.status:1434: cd src/cefnetd       && sed -e '/# am--include-marker/d' Makefile         | make -f - am--depfiles
config.status:1439: $? = 0
config.status:1434: cd src/lib       && sed -e '/# am--include-marker/d' Makefile         | make -f - am--depfiles
config.status:1439: $? = 0
config.status:1434: cd src/plugin       && sed -e '/# am--include-marker/d' Makefile         | make -f - am--depfiles
config.status:1439: $? = 0
config.status:1434: cd tools/cefgetstream       && sed -e '/# am--include-marker/d' Makefile         | make -f - am--depfiles
config.status:1439: $? = 0
config.status:1434: cd tools/cefputstream       && sed -e '/# am--include-marker/d' Makefile         | make -f - am--depfiles
config.status:1439: $? = 0
config.status:1434: cd tools/cefgetfile       && sed -e '/# am--include-marker/d' Makefile         | make -f - am--depfiles
config.status:1439: $? = 0
config.status:1434: cd tools/cefputfile       && sed -e '/# am--include-marker/d' Makefile         | make -f - am--depfiles
config.status:1439: $? = 0
config.status:1434: cd tools/cefgetchunk       && sed -e '/# am--include-marker/d' Makefile         | make -f - am--depfiles
config.status:1439: $? = 0
config.status:1434: cd tools/csmgr       && sed -e '/# am--include-marker/d' Makefile         | make -f - am--depfiles
config.status:1439: $? = 0
config.status:1434: cd src/csmgrd/csmgrd       && sed -e '/# am--include-marker/d' Makefile         | make -f - am--depfiles
config.status:1439: $? = 0
config.status:1434: cd src/csmgrd/plugin       && sed -e '/# am--include-marker/d' Makefile         | make -f - am--depfiles
config.status:1439: $? = 0
config.status:1434: cd src/csmgrd/plugin/lib/lru       && sed -e '/# am--include-marker/d' Makefile         | make -f - am--depfiles
config.status:1439: $? = 0
config.status:1434: cd src/csmgrd/plugin/lib/lfu       && sed -e '/# am--include-marker/d' Makefile         | make -f - am--depfiles
config.status:1439: $? = 0
config.status:1434: cd src/csmgrd/plugin/lib/fifo       && sed -e '/# am--include-marker/d' Makefile         | make -f - am--depfiles
config.status:1439: $? = 0
config.status:1434: cd src/csmgrd/lib       && sed -e '/# am--include-marker/d' Makefile         | make -f - am--depfiles
config.status:1439: $? = 0
config.status:1434: cd tools/ccninfo       && sed -e '/# am--include-marker/d' Makefile         | make -f - am--depfiles
config.status:1439: $? = 0
config.status:1357: executing libtool commands

## ---------------- ##
## Cache variables. ##
## ---------------- ##

ac_cv_build=x86_64-unknown-linux-gnu
ac_cv_c_compiler_gnu=yes
ac_cv_env_CC_set=
ac_cv_env_CC_value=
ac_cv_env_CFLAGS_set=
ac_cv_env_CFLAGS_value=
ac_cv_env_CPPFLAGS_set=
ac_cv_env_CPPFLAGS_value=
ac_cv_env_CPP_set=
ac_cv_env_CPP_value=
ac_cv_env_LDFLAGS_set=
ac_cv_env_LDFLAGS_value=
ac_cv_env_LIBS_set=
ac_cv_env_LIBS_value=
ac_cv_env_build_alias_set=
ac_cv_env_build_alias_value=
ac_cv_env_host_alias_set=
ac_cv_env_host_alias_value=
ac_cv_env_target_alias_set=
ac_cv_env_target_alias_value=
ac_cv_file__usr_include_openssl_sha_h=yes
ac_cv_func_dlopen=no
ac_cv_func_fork=yes
ac_cv_func_fork_works=yes
ac_cv_func_malloc_0_nonnull=yes
ac_cv_func_shl_load=no
ac_cv_func_vfork=yes
ac_cv_func_vfork_works=yes
ac_cv_header_dlfcn_h=yes
ac_cv_header_inttypes_h=yes
ac_cv_header_memory_h=yes
ac_cv_header_stdc=yes
ac_cv_header_stdint_h=yes
ac_cv_header_stdlib_h=yes
ac_cv_header_string_h=yes
ac_cv_header_strings_h=yes
ac_cv_header_sys_stat_h=yes
ac_cv_header_sys_types_h=yes
ac_cv_header_unistd_h=yes
ac_cv_header_vfork_h=no
ac_cv_host=x86_64-unknown-linux-gnu
ac_cv_lib_dl_dlopen=yes
ac_cv_lib_dld_shl_load=no
ac_cv_objext=o
ac_cv_path_EGREP='/usr/bin/grep -E'
ac_cv_path_FGREP='/usr/bin/grep -F'
ac_cv_path_GREP=/usr/bin/grep
ac_cv_path_SED=/usr/bin/sed
ac_cv_path_install='/usr/bin/install -c'
ac_cv_path_mkdir=/usr/bin/mkdir
ac_cv_prog_AWK=mawk
ac_cv_prog_CPP='gcc -E'
ac_cv_prog_ac_ct_AR=ar
ac_cv_prog_ac_ct_CC=gcc
ac_cv_prog_ac_ct_MANIFEST_TOOL=mt
ac_cv_prog_ac_ct_OBJDUMP=objdump
ac_cv_prog_ac_ct_RANLIB=ranlib
ac_cv_prog_ac_ct_STRIP=strip
ac_cv_prog_cc_c89=
ac_cv_prog_cc_g=yes
ac_cv_prog_make_make_set=yes
ac_cv_type_pid_t=yes
am_cv_CC_dependencies_compiler_type=gcc3
am_cv_make_support_nested_variables=yes
am_cv_prog_cc_c_o=yes
lt_cv_ar_at_file=@
lt_cv_archive_cmds_need_lc=no
lt_cv_deplibs_check_method=pass_all
lt_cv_dlopen=dlopen
lt_cv_dlopen_libs=-ldl
lt_cv_dlopen_self=yes
lt_cv_dlopen_self_static=no
lt_cv_file_magic_cmd='$MAGIC_CMD'
lt_cv_file_magic_test_file=
lt_cv_ld_reload_flag=-r
lt_cv_nm_interface='BSD nm'
lt_cv_objdir=.libs
lt_cv_path_LD=/usr/bin/ld
lt_cv_path_NM='/usr/bin/nm -B'
lt_cv_path_mainfest_tool=no
lt_cv_prog_compiler_c_o=yes
lt_cv_prog_compiler_pic='-fPIC -DPIC'
lt_cv_prog_compiler_pic_works=yes
lt_cv_prog_compiler_rtti_exceptions=no
lt_cv_prog_compiler_static_works=yes
lt_cv_prog_gnu_ld=yes
lt_cv_sharedlib_from_linklib_cmd='printf %s\n'
lt_cv_shlibpath_overrides_runpath=yes
lt_cv_sys_global_symbol_pipe='sed -n -e '\''s/^.*[	 ]\([ABCDGIRSTW][ABCDGIRSTW]*\)[	 ][	 ]*\([_A-Za-z][_A-Za-z0-9]*\)$/\1 \2 \2/p'\'' | sed '\''/ __gnu_lto/d'\'''
lt_cv_sys_global_symbol_to_c_name_address='sed -n -e '\''s/^: \([^ ]*\)[ ]*$/  {\"\1\", (void *) 0},/p'\'' -e '\''s/^[ABCDGIRSTW]* \([^ ]*\) \([^ ]*\)$/  {"\2", (void *) \&\2},/p'\'''
lt_cv_sys_global_symbol_to_c_name_address_lib_prefix='sed -n -e '\''s/^: \([^ ]*\)[ ]*$/  {\"\1\", (void *) 0},/p'\'' -e '\''s/^[ABCDGIRSTW]* \([^ ]*\) \(lib[^ ]*\)$/  {"\2", (void *) \&\2},/p'\'' -e '\''s/^[ABCDGIRSTW]* \([^ ]*\) \([^ ]*\)$/  {"lib\2", (void *) \&\2},/p'\'''
lt_cv_sys_global_symbol_to_cdecl='sed -n -e '\''s/^T .* \(.*\)$/extern int \1();/p'\'' -e '\''s/^[ABCDGIRSTW]* .* \(.*\)$/extern char \1;/p'\'''
lt_cv_sys_max_cmd_len=1572864
lt_cv_to_host_file_cmd=func_convert_file_noop
lt_cv_to_tool_file_cmd=func_convert_file_noop

## ----------------- ##
## Output variables. ##
## ----------------- ##

ACLOCAL='${SHELL} /home/nuc1/cefore-0.8.2.2/cefore-0.8.2.2/autotools/missing aclocal-1.16'
AMDEPBACKSLASH='\'
AMDEP_FALSE='#'
AMDEP_TRUE=''
AMTAR='$${TAR-tar}'
AM_BACKSLASH='\'
AM_DEFAULT_V='$(AM_DEFAULT_VERBOSITY)'
AM_DEFAULT_VERBOSITY='0'
AM_V='$(V)'
AR='ar'
AUTOCONF='${SHELL} /home/nuc1/cefore-0.8.2.2/cefore-0.8.2.2/autotools/missing autoconf'
AUTOHEADER='${SHELL} /home/nuc1/cefore-0.8.2.2/cefore-0.8.2.2/autotools/missing autoheader'
AUTOMAKE='${SHELL} /home/nuc1/cefore-0.8.2.2/cefore-0.8.2.2/autotools/missing automake-1.16'
AWK='mawk'
CACHE_ENABLE_FALSE=''
CACHE_ENABLE_TRUE='#'
CC='gcc'
CCDEPMODE='depmode=gcc3'
CCNINFO_ENABLE_FALSE='#'
CCNINFO_ENABLE_TRUE=''
CEFDBG_ENABLE_FALSE=''
CEFDBG_ENABLE_TRUE='#'
CEFORE_DIR_PATH='/usr/local/'
CEFPING_ENABLE_FALSE=''
CEFPING_ENABLE_TRUE='#'
CFLAGS=''
CPP='gcc -E'
CPPFLAGS=''
CSMGR_ENABLE_FALSE='#'
CSMGR_ENABLE_TRUE=''
CYGPATH_W='echo'
DEFS='-DHAVE_CONFIG_H'
DEPDIR='.deps'
DLLTOOL='false'
DSYMUTIL=''
DUMPBIN=''
ECHO_C=''
ECHO_N='-n'
ECHO_T=''
EGREP='/usr/bin/grep -E'
EXEEXT=''
FGREP='/usr/bin/grep -F'
GREP='/usr/bin/grep'
INSTALL_DATA='${INSTALL} -m 644'
INSTALL_PROGRAM='${INSTALL}'
INSTALL_SCRIPT='${INSTALL}'
INSTALL_STRIP_PROGRAM='$(install_sh) -c -s'
LD='/usr/bin/ld -m elf_x86_64'
LDFLAGS=''
LIBOBJS=''
LIBS=''
LIBTOOL='$(SHELL) $(top_builddir)/libtool'
LINUX_FALSE='#'
LINUX_TRUE=''
LIPO=''
LN_S='ln -s'
LTLIBOBJS=''
MAKEINFO='${SHELL} /home/nuc1/cefore-0.8.2.2/cefore-0.8.2.2/autotools/missing makeinfo'
MANIFEST_TOOL=':'
MKDIR_P='/usr/bin/mkdir -p'
NDNPLUGIN_ENABLE_FALSE=''
NDNPLUGIN_ENABLE_TRUE='#'
NM='/usr/bin/nm -B'
NMEDIT=''
OBJDUMP='objdump'
OBJEXT='o'
OTOOL64=''
OTOOL=''
PACKAGE='cefore'
PACKAGE_BUGREPORT=''
PACKAGE_NAME='cefore'
PACKAGE_STRING='cefore 0.8.2.2'
PACKAGE_TARNAME='cefore'
PACKAGE_URL=''
PACKAGE_VERSION='0.8.2.2'
PATH_SEPARATOR=':'
RANLIB='ranlib'
SAMPTP_ENABLE_FALSE=''
SAMPTP_ENABLE_TRUE='#'
SED='/usr/bin/sed'
SET_MAKE=''
SHELL='/bin/bash'
STRIP='strip'
VERSION='0.8.2.2'
ac_ct_AR='ar'
ac_ct_CC='gcc'
ac_ct_DUMPBIN=''
am__EXEEXT_FALSE=''
am__EXEEXT_TRUE='#'
am__fastdepCC_FALSE='#'
am__fastdepCC_TRUE=''
am__include='include'
am__isrc=''
am__leading_dot='.'
am__nodep='_no'
am__quote=''
am__tar='$${TAR-tar} chof - "$$tardir"'
am__untar='$${TAR-tar} xf -'
bindir='${exec_prefix}/bin'
build='x86_64-unknown-linux-gnu'
build_alias=''
build_cpu='x86_64'
build_os='linux-gnu'
build_vendor='unknown'
datadir='${datarootdir}'
datarootdir='${prefix}/share'
docdir='${datarootdir}/doc/${PACKAGE_TARNAME}'
dvidir='${docdir}'
exec_prefix='${prefix}'
host='x86_64-unknown-linux-gnu'
host_alias=''
host_cpu='x86_64'
host_os='linux-gnu'
host_vendor='unknown'
htmldir='${docdir}'
includedir='${prefix}/include'
infodir='${datarootdir}/info'
install_sh='${SHELL} /home/nuc1/cefore-0.8.2.2/cefore-0.8.2.2/autotools/install-sh'
libdir='${exec_prefix}/lib'
libexecdir='${exec_prefix}/libexec'
localedir='${datarootdir}/locale'
localstatedir='${prefix}/var'
mandir='${datarootdir}/man'
mkdir_p='$(MKDIR_P)'
oldincludedir='/usr/include'
pdfdir='${docdir}'
prefix='/usr/local'
program_transform_name='s,x,x,'
psdir='${docdir}'
runstatedir='${localstatedir}/run'
sbindir='${exec_prefix}/sbin'
sharedstatedir='${prefix}/com'
sysconfdir='${prefix}/etc'
target_alias=''

## ----------- ##
## confdefs.h. ##
## ----------- ##

/* confdefs.h */
#define PACKAGE_NAME "cefore"
#define PACKAGE_TARNAME "cefore"
#define PACKAGE_VERSION "0.8.2.2"
#define PACKAGE_STRING "cefore 0.8.2.2"
#define PACKAGE_BUGREPORT ""
#define PACKAGE_URL ""
#define PACKAGE "cefore"
#define VERSION "0.8.2.2"
#define STDC_HEADERS 1
#define HAVE_SYS_TYPES_H 1
#define HAVE_SYS_STAT_H 1
#define HAVE_STDLIB_H 1
#define HAVE_STRING_H 1
#define HAVE_MEMORY_H 1
#define HAVE_STRINGS_H 1
#define HAVE_INTTYPES_H 1
#define HAVE_STDINT_H 1
#define HAVE_UNISTD_H 1
#define HAVE_DLFCN_H 1
#define LT_OBJDIR ".libs/"
#define HAVE_FORK 1
#define HAVE_VFORK 1
#define HAVE_WORKING_VFORK 1
#define HAVE_WORKING_FORK 1
#define HAVE_STDLIB_H 1
#define HAVE_MALLOC 1
#define HAVE__USR_INCLUDE_OPENSSL_SHA_H 1

configure: exit 0

## ---------------------- ##
## Running config.status. ##
## ---------------------- ##

This file was extended by cefore config.status 0.8.2.2, which was
generated by GNU Autoconf 2.69.  Invocation command line was

  CONFIG_FILES    = 
  CONFIG_HEADERS  = 
  CONFIG_LINKS    = 
  CONFIG_COMMANDS = 
  $ ./config.status config.h

on nuc1-NUC11PAHi7

config.status:1128: creating config.h
config.status:1309: config.h is unchanged
